Timestamp: 2026-07-02 02:50:19
To: testuser@elze.eg
Subject: Elze.eg Verification Code
Message:
Hi Test Customer,

Welcome to Elze.eg. Please verify your account using the 6-digit code: 866808
This code will expire in 15 minutes.
--------------------------------------------------
Timestamp: 2026-07-02 02:51:02
To: testuser@elze.eg
Subject: Elze.eg Verification Code
Message:
Hi Test Customer,

Welcome to Elze.eg. Please verify your account using the 6-digit code: 445736
This code will expire in 15 minutes.
--------------------------------------------------
Timestamp: 2026-07-04 03:42:47
To: testuser@elze.eg
Subject: Elze.eg Verification Code
Message:
Hi Test Customer,

Welcome to Elze.eg. Please verify your account using the 6-digit code: 467121
This code will expire in 15 minutes.
--------------------------------------------------
Timestamp: 2026-07-04 05:21:13
To: patternuser@elze.eg
Subject: Order Placed Successfully - ELZE-2026-1FEA4C
Message:
Hi Pattern Test User,

Thank you for shopping at Elze.eg! Your order has been placed successfully.

Order Details:
Order Number  : ELZE-2026-1FEA4C
Payment Method: INSTAPAY
Payment Status: PAID
Order Status  : PROCESSING

Itemized Receipt:
------------------------------------------------------------
Item Name                      Variant      Qty   Total     
------------------------------------------------------------
Classic Crewneck T-Shirt       S / White    3     1,050.00 EGP
------------------------------------------------------------
                                Subtotal: 350.00 EGP     
                            Shipping Fee: 50.00 EGP      
                             Grand Total: 400.00 EGP     
------------------------------------------------------------

We hope to see you again soon!
Elze.eg Team
============================================================
Timestamp: 2026-07-04 06:03:29
To: testuser@elze.eg
Subject: Elze.eg Verification Code
Message:
Hi Test Customer,

Welcome to Elze.eg. Please verify your account using the 6-digit code: 709914
This code will expire in 15 minutes.
--------------------------------------------------
Timestamp: 2026-07-04 06:04:04
To: testuser@elze.eg
Subject: Elze.eg Verification Code
Message:
Hi Test Customer,

Welcome to Elze.eg. Please verify your account using the 6-digit code: 164651
This code will expire in 15 minutes.
--------------------------------------------------
TEST WRITE AS CLI\nTimestamp: 2026-07-04 06:11:44
To: logfix@elze.eg
Subject: Elze.eg Verification Code
Message:
Hi Log Fix Test,

Welcome to Elze.eg. Please verify your account using the 6-digit code: 955806
This code will expire in 15 minutes.
--------------------------------------------------
Timestamp: 2026-07-04 06:11:44
To: testuser@elze.eg
Subject: Elze.eg Verification Code
Message:
Hi Test Customer,

Welcome to Elze.eg. Please verify your account using the 6-digit code: 694821
This code will expire in 15 minutes.
--------------------------------------------------
Timestamp: 2026-07-04 06:12:01
To: rawann@gmail.com
Subject: Elze.eg New Verification Code
Message:
Hi rawan yasser,

Your new verification code is: 964548
This code will expire in 15 minutes.
--------------------------------------------------
Timestamp: 2026-07-04 06:13:18
To: rawann@gmail.com
Subject: Order Placed Successfully - ELZE-2026-60FE31
Message:
Hi rawan yasser,

Thank you for shopping at Elze.eg! Your order has been placed successfully.

Order Details:
Order Number  : ELZE-2026-60FE31
Payment Method: COD
Payment Status: PENDING
Order Status  : PENDING

Itemized Receipt:
------------------------------------------------------------
Item Name                      Variant      Qty   Total     
------------------------------------------------------------
Classic Crewneck T-Shirt       S / Brown    1     350.00 EGP
Ribbed Knit Top                M / Burgundy 1     420.00 EGP
------------------------------------------------------------
                                Subtotal: 770.00 EGP     
                            Shipping Fee: 50.00 EGP      
                             Grand Total: 820.00 EGP     
------------------------------------------------------------

We hope to see you again soon!
Elze.eg Team
============================================================
